Building documentation...
Initializing...
Merging XML documentation...
Building file mapping...
Loading XSLT files...
    namespace.xslt
    namespacehierarchy.xslt
    type.xslt
    typehierarchy.xslt
    allmembers.xslt
    individualmembers.xslt
    event.xslt
    member.xslt
    memberoverload.xslt
    property.xslt
    field.xslt
    htmlcontents.xslt
Generating HTML pages...
NDoc.Core.html
NDoc.CoreHierarchy.html
NDoc.Core.AssemblySlashDoc.html
NDoc.Core.AssemblySlashDocMembers.html
NDoc.Core.AssemblySlashDocConstructor.html
NDoc.Core.AssemblySlashDocConstructor1.html
NDoc.Core.AssemblySlashDocConstructor2.html
NDoc.Core.AssemblySlashDocProperties.html
NDoc.Core.AssemblySlashDoc.Assembly.html
NDoc.Core.AssemblySlashDoc.SlashDoc.html
NDoc.Core.AssemblySlashDocCollection.html
NDoc.Core.AssemblySlashDocCollectionMembers.html
NDoc.Core.AssemblySlashDocCollectionConstructor.html
NDoc.Core.AssemblySlashDocCollectionProperties.html
NDoc.Core.AssemblySlashDocCollection.Item.html
NDoc.Core.AssemblySlashDocCollectionMethods.html
NDoc.Core.AssemblySlashDocCollection.Add.html
NDoc.Core.AssemblySlashDocCollection.AddRange.html
NDoc.Core.AssemblySlashDocCollection.Contains_overloads.html
NDoc.Core.AssemblySlashDocCollection.Contains_overload_1.html
NDoc.Core.AssemblySlashDocCollection.Contains_overload_2.html
NDoc.Core.AssemblySlashDocCollection.ReadXml.html
NDoc.Core.AssemblySlashDocCollection.Remove.html
NDoc.Core.AssemblySlashDocCollection.WriteXml.html
NDoc.Core.BaseDocumenter.html
NDoc.Core.BaseDocumenterMembers.html
NDoc.Core.BaseDocumenterConstructor.html
NDoc.Core.BaseDocumenterProperties.html
NDoc.Core.BaseDocumenter.Config.html
NDoc.Core.BaseDocumenter.DevelopmentStatus.html
NDoc.Core.BaseDocumenter.MainOutputFile.html
NDoc.Core.BaseDocumenter.Name.html
NDoc.Core.BaseDocumenterMethods.html
NDoc.Core.BaseDocumenter.Build.html
NDoc.Core.BaseDocumenter.CanBuild_overloads.html
NDoc.Core.BaseDocumenter.CanBuild_overload_1.html
NDoc.Core.BaseDocumenter.CanBuild_overload_2.html
NDoc.Core.BaseDocumenter.Clear.html
NDoc.Core.BaseDocumenter.CompareTo.html
NDoc.Core.BaseDocumenter.OnDocBuildingProgress.html
NDoc.Core.BaseDocumenter.OnDocBuildingStep.html
NDoc.Core.BaseDocumenter.View.html
NDoc.Core.BaseDocumenterEvents.html
NDoc.Core.BaseDocumenter.DocBuildingProgress.html
NDoc.Core.BaseDocumenter.DocBuildingStep.html
NDoc.Core.BaseDocumenterConfig.html
NDoc.Core.BaseDocumenterConfigMembers.html
NDoc.Core.BaseDocumenterConfigConstructor.html
NDoc.Core.BaseDocumenterConfigProperties.html
NDoc.Core.BaseDocumenterConfig.CleanIntermediates.html
NDoc.Core.BaseDocumenterConfig.Name.html
NDoc.Core.BaseDocumenterConfig.Project.html
NDoc.Core.BaseDocumenterConfig.UseNDocXmlFile.html
NDoc.Core.BaseDocumenterConfigMethods.html
NDoc.Core.BaseDocumenterConfig.GetProperties.html
NDoc.Core.BaseDocumenterConfig.HandleUnknownPropertyType.html
NDoc.Core.BaseDocumenterConfig.HandleUnknownPropertyValue.html
NDoc.Core.BaseDocumenterConfig.Read.html
NDoc.Core.BaseDocumenterConfig.ReadProperty.html
NDoc.Core.BaseDocumenterConfig.SetDirty.html
NDoc.Core.BaseDocumenterConfig.SetProject.html
NDoc.Core.BaseDocumenterConfig.SetValue.html
NDoc.Core.BaseDocumenterConfig.Write.html
NDoc.Core.ContentEventHandler.html
NDoc.Core.CouldNotLoadAllAssembliesException.html
NDoc.Core.CouldNotLoadAllAssembliesExceptionMembers.html
NDoc.Core.CouldNotLoadAllAssembliesExceptionConstructor.html
NDoc.Core.CouldNotLoadAllAssembliesExceptionConstructor1.html
NDoc.Core.CouldNotLoadAllAssembliesExceptionConstructor2.html
NDoc.Core.CouldNotLoadAllAssembliesExceptionConstructor3.html
NDoc.Core.CouldNotLoadAllAssembliesExceptionConstructor4.html
NDoc.Core.DocBuildingEventHandler.html
NDoc.Core.DocumenterDevelopmentStatus.html
NDoc.Core.DocumenterException.html
NDoc.Core.DocumenterExceptionMembers.html
NDoc.Core.DocumenterExceptionConstructor.html
NDoc.Core.DocumenterExceptionConstructor1.html
NDoc.Core.DocumenterExceptionConstructor2.html
NDoc.Core.DocumenterPropertyFormatException.html
NDoc.Core.DocumenterPropertyFormatExceptionMembers.html
NDoc.Core.DocumenterPropertyFormatExceptionConstructor.html
NDoc.Core.DocumenterPropertyFormatExceptionConstructor1.html
NDoc.Core.DocumenterPropertyFormatExceptionConstructor2.html
NDoc.Core.DocumenterPropertyFormatExceptionConstructor3.html
NDoc.Core.DocumenterPropertyFormatExceptionConstructor4.html
NDoc.Core.EmbeddedResources.html
NDoc.Core.EmbeddedResourcesMembers.html
NDoc.Core.EmbeddedResourcesMethods.html
NDoc.Core.EmbeddedResources.WriteEmbeddedResource.html
NDoc.Core.EmbeddedResources.WriteEmbeddedResources.html
NDoc.Core.FilePath.html
NDoc.Core.FilePathMembers.html
NDoc.Core.FilePathConstructor.html
NDoc.Core.FilePathConstructor1.html
NDoc.Core.FilePathConstructor2.html
NDoc.Core.FilePathConstructor3.html
NDoc.Core.FilePathProperties.html
NDoc.Core.FilePath.Path.html
NDoc.Core.FolderPath.html
NDoc.Core.FolderPathMembers.html
NDoc.Core.FolderPathConstructor.html
NDoc.Core.FolderPathConstructor1.html
NDoc.Core.FolderPathConstructor2.html
NDoc.Core.FolderPathConstructor3.html
NDoc.Core.FolderPathProperties.html
NDoc.Core.FolderPath.Path.html
NDoc.Core.FolderPathMethods.html
NDoc.Core.FolderPath.ToString.html
NDoc.Core.IDocumenter.html
NDoc.Core.IDocumenterMembers.html
NDoc.Core.IDocumenterProperties.html
NDoc.Core.IDocumenter.Config.html
NDoc.Core.IDocumenter.DevelopmentStatus.html
NDoc.Core.IDocumenter.MainOutputFile.html
NDoc.Core.IDocumenter.Name.html
NDoc.Core.IDocumenterMethods.html
NDoc.Core.IDocumenter.Build.html
NDoc.Core.IDocumenter.CanBuild_overloads.html
NDoc.Core.IDocumenter.CanBuild_overload_1.html
NDoc.Core.IDocumenter.CanBuild_overload_2.html
NDoc.Core.IDocumenter.Clear.html
NDoc.Core.IDocumenter.View.html
NDoc.Core.IDocumenterEvents.html
NDoc.Core.IDocumenter.DocBuildingProgress.html
NDoc.Core.IDocumenter.DocBuildingStep.html
NDoc.Core.IDocumenterConfig.html
NDoc.Core.IDocumenterConfigMembers.html
NDoc.Core.IDocumenterConfigMethods.html
NDoc.Core.IDocumenterConfig.GetProperties.html
NDoc.Core.IDocumenterConfig.Read.html
NDoc.Core.IDocumenterConfig.SetProject.html
NDoc.Core.IDocumenterConfig.SetValue.html
NDoc.Core.IDocumenterConfig.Write.html
NDoc.Core.Namespaces.html
NDoc.Core.NamespacesMembers.html
NDoc.Core.NamespacesConstructor.html
NDoc.Core.NamespacesProperties.html
NDoc.Core.Namespaces.Count.html
NDoc.Core.Namespaces.Item.html
NDoc.Core.Namespaces.NamespaceNames.html
NDoc.Core.NamespacesMethods.html
NDoc.Core.Namespaces.LoadNamespacesFromAssemblies.html
NDoc.Core.Namespaces.Read.html
NDoc.Core.Namespaces.Write.html
NDoc.Core.NamespacesOperators.html
NDoc.Core.Namespaces.op_Implicit.html
NDoc.Core.NamespacesEvents.html
NDoc.Core.Namespaces.ContentsChanged.html
NDoc.Core.NonPersistedAttribute.html
NDoc.Core.NonPersistedAttributeMembers.html
NDoc.Core.NonPersistedAttributeConstructor.html
NDoc.Core.PathItemBase.html
NDoc.Core.PathItemBaseMembers.html
NDoc.Core.PathItemBaseConstructor.html
NDoc.Core.PathItemBaseConstructor1.html
NDoc.Core.PathItemBaseConstructor2.html
NDoc.Core.PathItemBaseConstructor3.html
NDoc.Core.PathItemBaseProperties.html
NDoc.Core.PathItemBase.BasePath.html
NDoc.Core.PathItemBase.FixedPath.html
NDoc.Core.PathItemBase.Path.html
NDoc.Core.PathItemBaseMethods.html
NDoc.Core.PathItemBase.Equals.html
NDoc.Core.PathItemBase.GetHashCode.html
NDoc.Core.PathItemBase.ToString.html
NDoc.Core.PathItemBaseOperators.html
NDoc.Core.PathItemBase.op_Equality.html
NDoc.Core.PathItemBase.op_Inequality.html
NDoc.Core.PathItemBase.op_Implicit.html
NDoc.Core.PathUtilities.html
NDoc.Core.PathUtilitiesMembers.html
NDoc.Core.PathUtilitiesMethods.html
NDoc.Core.PathUtilities.AbsoluteToRelativePath.html
NDoc.Core.PathUtilities.RelativeToAbsolutePath.html
NDoc.Core.ProgressArgs.html
NDoc.Core.ProgressArgsMembers.html
NDoc.Core.ProgressArgsConstructor.html
NDoc.Core.ProgressArgsProperties.html
NDoc.Core.ProgressArgs.Progress.html
NDoc.Core.ProgressArgs.Status.html
NDoc.Core.Project.html
NDoc.Core.ProjectMembers.html
NDoc.Core.ProjectConstructor.html
NDoc.Core.ProjectProperties.html
NDoc.Core.Project.AssemblySlashDocs.html
NDoc.Core.Project.BaseDirectory.html
NDoc.Core.Project.Documenters.html
NDoc.Core.Project.IsDirty.html
NDoc.Core.Project.Namespaces.html
NDoc.Core.Project.ProjectFile.html
NDoc.Core.Project.ReferencePaths.html
NDoc.Core.Project.SuspendDirtyCheck.html
NDoc.Core.ProjectMethods.html
NDoc.Core.Project.AppendProbePath.html
NDoc.Core.Project.Clear.html
NDoc.Core.Project.GetDocumenter.html
NDoc.Core.Project.GetFullPath.html
NDoc.Core.Project.GetRelativePath.html
NDoc.Core.Project.Read.html
NDoc.Core.Project.Write.html
NDoc.Core.ProjectEvents.html
NDoc.Core.Project.Modified.html
NDoc.Core.ProjectModifiedEventHandler.html
NDoc.Core.ReferencePath.html
NDoc.Core.ReferencePathMembers.html
NDoc.Core.ReferencePathConstructor.html
NDoc.Core.ReferencePathConstructor1.html
NDoc.Core.ReferencePathConstructor2.html
NDoc.Core.ReferencePathConstructor3.html
NDoc.Core.ReferencePathProperties.html
NDoc.Core.ReferencePath.IncludeSubDirectories.html
NDoc.Core.ReferencePath.Path.html
NDoc.Core.ReferencePathMethods.html
NDoc.Core.ReferencePath.Equals.html
NDoc.Core.ReferencePath.GetHashCode.html
NDoc.Core.ReferencePath.ToString.html
NDoc.Core.ReferencePathOperators.html
NDoc.Core.ReferencePath.op_Equality.html
NDoc.Core.ReferencePath.op_Inequality.html
NDoc.Core.ReferencePathCollection.html
NDoc.Core.ReferencePathCollectionMembers.html
NDoc.Core.ReferencePathCollectionConstructor.html
NDoc.Core.ReferencePathCollectionProperties.html
NDoc.Core.ReferencePathCollection.Item.html
NDoc.Core.ReferencePathCollectionMethods.html
NDoc.Core.ReferencePathCollection.Add.html
NDoc.Core.ReferencePathCollection.AddRange.html
NDoc.Core.ReferencePathCollection.Contains.html
NDoc.Core.ReferencePathCollection.ReadXml.html
NDoc.Core.ReferencePathCollection.Remove.html
NDoc.Core.ReferencePathCollection.WriteXml.html
NDoc.Core.Settings.html
NDoc.Core.SettingsMembers.html
NDoc.Core.SettingsConstructor.html
NDoc.Core.SettingsProperties.html
NDoc.Core.Settings.MachineSettingsFile.html
NDoc.Core.Settings.UserSettingsFile.html
NDoc.Core.SettingsMethods.html
NDoc.Core.Settings.Dispose.html
NDoc.Core.Settings.GetSetting_overloads.html
NDoc.Core.Settings.GetSetting_overload_1.html
NDoc.Core.Settings.GetSetting_overload_2.html
NDoc.Core.Settings.GetSetting_overload_4.html
NDoc.Core.Settings.GetSetting_overload_3.html
NDoc.Core.Settings.GetSettingList.html
NDoc.Core.Settings.RemoveSetting.html
NDoc.Core.Settings.SetSetting_overloads.html
NDoc.Core.Settings.SetSetting_overload_1.html
NDoc.Core.Settings.SetSetting_overload_2.html
NDoc.Core.Settings.SetSetting_overload_4.html
NDoc.Core.Settings.SetSetting_overload_3.html
NDoc.Core.Settings.SetSettingList.html
NDoc.Core.TemplateWriter.html
NDoc.Core.TemplateWriterMembers.html
NDoc.Core.TemplateWriterConstructor.html
NDoc.Core.TemplateWriterConstructor1.html
NDoc.Core.TemplateWriterConstructor2.html
NDoc.Core.TemplateWriterMethods.html
NDoc.Core.TemplateWriter.Close.html
NDoc.Core.TemplateWriter.CopyToEnd.html
NDoc.Core.TemplateWriter.CopyToLine.html
NDoc.Core.TemplateWriter.Dispose.html
NDoc.Core.Workspace.html
NDoc.Core.WorkspaceMembers.html
NDoc.Core.WorkspaceConstructor.html
NDoc.Core.WorkspaceProperties.html
NDoc.Core.Workspace.ContentDirectory.html
NDoc.Core.Workspace.ContentDirectoryName.html
NDoc.Core.Workspace.ResourceDirectory.html
NDoc.Core.Workspace.RootDirectory.html
NDoc.Core.Workspace.WorkingDirectory.html
NDoc.Core.Workspace.WorkingDirectoryName.html
NDoc.Core.WorkspaceMethods.html
NDoc.Core.Workspace.AddResourceDirectory.html
NDoc.Core.Workspace.Clean.html
NDoc.Core.Workspace.CleanIntermediates.html
NDoc.Core.Workspace.GetRelativePath.html
NDoc.Core.Workspace.ImportContent_overloads.html
NDoc.Core.Workspace.ImportContent_overload_1.html
NDoc.Core.Workspace.ImportContent_overload_2.html
NDoc.Core.Workspace.ImportContentDirectory.html
NDoc.Core.Workspace.ImportProjectFiles_overloads.html
NDoc.Core.Workspace.ImportProjectFiles_overload_1.html
NDoc.Core.Workspace.ImportProjectFiles_overload_2.html
NDoc.Core.Workspace.OnContentDirectoryAdded.html
NDoc.Core.Workspace.OnContentFileAdded.html
NDoc.Core.Workspace.Prepare.html
NDoc.Core.Workspace.RemoveResourceDirectory.html
NDoc.Core.Workspace.SaveOutputs.html
NDoc.Core.WorkspaceEvents.html
NDoc.Core.Workspace.ContentDirectoryAdded.html
NDoc.Core.Workspace.ContentFileAdded.html
NDoc.Core.XsltResourceResolver.html
NDoc.Core.XsltResourceResolverMembers.html
NDoc.Core.XsltResourceResolverConstructor.html
NDoc.Core.XsltResourceResolverProperties.html
NDoc.Core.XsltResourceResolver.ExtensibiltyStylesheet.html
NDoc.Core.XsltResourceResolverMethods.html
NDoc.Core.XsltResourceResolver.GetEntity.html
NDoc.Core.XsltResourceResolver.ResolveUri.html
NDoc.Core.PropertyGridUI.html
NDoc.Core.PropertyGridUIHierarchy.html
NDoc.Core.PropertyGridUI.AttributesEditor.html
NDoc.Core.PropertyGridUI.AttributesEditorMembers.html
NDoc.Core.PropertyGridUI.AttributesEditorConstructor.html
NDoc.Core.PropertyGridUI.AttributesEditorMethods.html
NDoc.Core.PropertyGridUI.AttributesEditor.EditValue_overloads.html
NDoc.Core.PropertyGridUI.AttributesEditor.EditValue_overload_1.html
NDoc.Core.PropertyGridUI.AttributesEditor.GetEditStyle_overloads.html
NDoc.Core.PropertyGridUI.AttributesEditor.GetEditStyle_overload_1.html
NDoc.Core.PropertyGridUI.EnumDescriptionConverter.html
NDoc.Core.PropertyGridUI.EnumDescriptionConverterMembers.html
NDoc.Core.PropertyGridUI.EnumDescriptionConverterConstructor.html
NDoc.Core.PropertyGridUI.EnumDescriptionConverterMethods.html
NDoc.Core.PropertyGridUI.EnumDescriptionConverter.ConvertFrom_overloads.html
NDoc.Core.PropertyGridUI.EnumDescriptionConverter.ConvertFrom_overload_1.html
NDoc.Core.PropertyGridUI.EnumDescriptionConverter.ConvertTo_overloads.html
NDoc.Core.PropertyGridUI.EnumDescriptionConverter.ConvertTo_overload_1.html
NDoc.Core.PropertyGridUI.EnumDescriptionConverter.GetEnumDescription_overloads.html
NDoc.Core.PropertyGridUI.EnumDescriptionConverter.GetEnumDescription_overload_1.html
NDoc.Core.PropertyGridUI.EnumDescriptionConverter.GetEnumDescription_overload_2.html
NDoc.Core.PropertyGridUI.EnumDescriptionConverter.GetEnumValue.html
NDoc.Core.PropertyGridUI.FilenameEditor.html
NDoc.Core.PropertyGridUI.FilenameEditorMembers.html
NDoc.Core.PropertyGridUI.FilenameEditorConstructor.html
NDoc.Core.PropertyGridUI.FilenameEditorMethods.html
NDoc.Core.PropertyGridUI.FilenameEditor.EditValue_overloads.html
NDoc.Core.PropertyGridUI.FilenameEditor.EditValue_overload_1.html
NDoc.Core.PropertyGridUI.FilenameEditor.GetEditStyle_overloads.html
NDoc.Core.PropertyGridUI.FilenameEditor.GetEditStyle_overload_1.html
NDoc.Core.PropertyGridUI.FilenameEditor.FileDialogFilterAttribute.html
NDoc.Core.PropertyGridUI.FilenameEditor.FileDialogFilterAttributeMembers.html
NDoc.Core.PropertyGridUI.FilenameEditor.FileDialogFilterAttributeConstructor.html
NDoc.Core.PropertyGridUI.FilenameEditor.FileDialogFilterAttributeProperties.html
NDoc.Core.PropertyGridUI.FilenameEditor.FileDialogFilterAttribute.Filter.html
NDoc.Core.PropertyGridUI.FilenameEditor.FileDialogFilterAttribute.Title.html
NDoc.Core.PropertyGridUI.FilenameEditor.SaveFileAttribute.html
NDoc.Core.PropertyGridUI.FilenameEditor.SaveFileAttributeMembers.html
NDoc.Core.PropertyGridUI.FilenameEditor.SaveFileAttributeConstructor.html
NDoc.Core.PropertyGridUI.FoldernameEditor.html
NDoc.Core.PropertyGridUI.FoldernameEditorMembers.html
NDoc.Core.PropertyGridUI.FoldernameEditorConstructor.html
NDoc.Core.PropertyGridUI.FoldernameEditorMethods.html
NDoc.Core.PropertyGridUI.FoldernameEditor.EditValue_overloads.html
NDoc.Core.PropertyGridUI.FoldernameEditor.EditValue_overload_1.html
NDoc.Core.PropertyGridUI.FoldernameEditor.GetEditStyle_overloads.html
NDoc.Core.PropertyGridUI.FoldernameEditor.GetEditStyle_overload_1.html
NDoc.Core.PropertyGridUI.FoldernameEditor.ExistingFolderOnlyAttribute.html
NDoc.Core.PropertyGridUI.FoldernameEditor.ExistingFolderOnlyAttributeMembers.html
NDoc.Core.PropertyGridUI.FoldernameEditor.ExistingFolderOnlyAttributeConstructor.html
NDoc.Core.PropertyGridUI.FoldernameEditor.FolderDialogTitleAttribute.html
NDoc.Core.PropertyGridUI.FoldernameEditor.FolderDialogTitleAttributeMembers.html
NDoc.Core.PropertyGridUI.FoldernameEditor.FolderDialogTitleAttributeConstructor.html
NDoc.Core.PropertyGridUI.FoldernameEditor.FolderDialogTitleAttributeProperties.html
NDoc.Core.PropertyGridUI.FoldernameEditor.FolderDialogTitleAttribute.Title.html
NDoc.Core.PropertyGridUI.LangIdEditor.html
NDoc.Core.PropertyGridUI.LangIdEditorMembers.html
NDoc.Core.PropertyGridUI.LangIdEditorConstructor.html
NDoc.Core.PropertyGridUI.LangIdEditorMethods.html
NDoc.Core.PropertyGridUI.LangIdEditor.EditValue_overloads.html
NDoc.Core.PropertyGridUI.LangIdEditor.EditValue_overload_1.html
NDoc.Core.PropertyGridUI.LangIdEditor.FillInList.html
NDoc.Core.PropertyGridUI.LangIdEditor.GetEditStyle_overloads.html
NDoc.Core.PropertyGridUI.LangIdEditor.GetEditStyle_overload_1.html
NDoc.Core.PropertyGridUI.PropertyOrderAttribute.html
NDoc.Core.PropertyGridUI.PropertyOrderAttributeMembers.html
NDoc.Core.PropertyGridUI.PropertyOrderAttributeConstructor.html
NDoc.Core.PropertyGridUI.PropertyOrderAttributeProperties.html
NDoc.Core.PropertyGridUI.PropertyOrderAttribute.Order.html
NDoc.Core.PropertyGridUI.PropertySorter.html
NDoc.Core.PropertyGridUI.PropertySorterMembers.html
NDoc.Core.PropertyGridUI.PropertySorterConstructor.html
NDoc.Core.PropertyGridUI.PropertySorterMethods.html
NDoc.Core.PropertyGridUI.PropertySorter.GetProperties_overloads.html
NDoc.Core.PropertyGridUI.PropertySorter.GetProperties_overload_1.html
NDoc.Core.PropertyGridUI.PropertySorter.GetPropertiesSupported_overloads.html
NDoc.Core.PropertyGridUI.PropertySorter.GetPropertiesSupported_overload_1.html
NDoc.Core.PropertyGridUI.RuntimePropertyGrid.html
NDoc.Core.PropertyGridUI.RuntimePropertyGridMembers.html
NDoc.Core.PropertyGridUI.RuntimePropertyGridConstructor.html
NDoc.Core.PropertyGridUI.RuntimePropertyGridProperties.html
NDoc.Core.PropertyGridUI.RuntimePropertyGrid.LabelWidth.html
NDoc.Core.PropertyGridUI.TextEditor.html
NDoc.Core.PropertyGridUI.TextEditorMembers.html
NDoc.Core.PropertyGridUI.TextEditorConstructor.html
NDoc.Core.PropertyGridUI.TextEditorMethods.html
NDoc.Core.PropertyGridUI.TextEditor.EditValue_overloads.html
NDoc.Core.PropertyGridUI.TextEditor.EditValue_overload_1.html
NDoc.Core.PropertyGridUI.TextEditor.GetEditStyle_overloads.html
NDoc.Core.PropertyGridUI.TextEditor.GetEditStyle_overload_1.html
NDoc.Core.Reflection.html
NDoc.Core.ReflectionHierarchy.html
NDoc.Core.Reflection.AssemblyVersionInformationType.html
NDoc.Core.Reflection.BaseReflectionDocumenter.html
NDoc.Core.Reflection.BaseReflectionDocumenterMembers.html
NDoc.Core.Reflection.BaseReflectionDocumenterConstructor.html
NDoc.Core.Reflection.BaseReflectionDocumenterMethods.html
NDoc.Core.Reflection.BaseReflectionDocumenter.MakeXml.html
NDoc.Core.Reflection.BaseReflectionDocumenter.MakeXmlFile.html
NDoc.Core.Reflection.BaseReflectionDocumenterConfig.html
NDoc.Core.Reflection.BaseReflectionDocumenterConfigMembers.html
NDoc.Core.Reflection.BaseReflectionDocumenterConfigConstructor.html
NDoc.Core.Reflection.BaseReflectionDocumenterConfigProperties.html
NDoc.Core.Reflection.BaseReflectionDocumenterConfig.AssemblyVersionInfo.html
NDoc.Core.Reflection.BaseReflectionDocumenterConfig.AutoDocumentConstructors.html
NDoc.Core.Reflection.BaseReflectionDocumenterConfig.AutoPropertyBackerSummaries.html
NDoc.Core.Reflection.BaseReflectionDocumenterConfig.CopyrightHref.html
NDoc.Core.Reflection.BaseReflectionDocumenterConfig.CopyrightText.html
NDoc.Core.Reflection.BaseReflectionDocumenterConfig.DocumentAttributes.html
NDoc.Core.Reflection.BaseReflectionDocumenterConfig.DocumentedAttributes.html
NDoc.Core.Reflection.BaseReflectionDocumenterConfig.DocumentEmptyNamespaces.html
NDoc.Core.Reflection.BaseReflectionDocumenterConfig.DocumentExplicitInterfaceImplementations.html
NDoc.Core.Reflection.BaseReflectionDocumenterConfig.DocumentInheritedAttributes.html
NDoc.Core.Reflection.BaseReflectionDocumenterConfig.DocumentInheritedFrameworkMembers.html
NDoc.Core.Reflection.BaseReflectionDocumenterConfig.DocumentInheritedMembers.html
NDoc.Core.Reflection.BaseReflectionDocumenterConfig.DocumentInternals.html
NDoc.Core.Reflection.BaseReflectionDocumenterConfig.DocumentPrivates.html
NDoc.Core.Reflection.BaseReflectionDocumenterConfig.DocumentProtected.html
NDoc.Core.Reflection.BaseReflectionDocumenterConfig.DocumentProtectedInternalAsProtected.html
NDoc.Core.Reflection.BaseReflectionDocumenterConfig.DocumentSealedProtected.html
NDoc.Core.Reflection.BaseReflectionDocumenterConfig.EditorBrowsableFilter.html
NDoc.Core.Reflection.BaseReflectionDocumenterConfig.FeedbackEmailAddress.html
NDoc.Core.Reflection.BaseReflectionDocumenterConfig.IncludeDefaultThreadSafety.html
NDoc.Core.Reflection.BaseReflectionDocumenterConfig.InstanceMembersDefaultToSafe.html
NDoc.Core.Reflection.BaseReflectionDocumenterConfig.Preliminary.html
NDoc.Core.Reflection.BaseReflectionDocumenterConfig.ReferencePaths.html
NDoc.Core.Reflection.BaseReflectionDocumenterConfig.SdkDocLanguage.html
NDoc.Core.Reflection.BaseReflectionDocumenterConfig.SdkDocVersion.html
NDoc.Core.Reflection.BaseReflectionDocumenterConfig.ShowMissingParams.html
NDoc.Core.Reflection.BaseReflectionDocumenterConfig.ShowMissingRemarks.html
NDoc.Core.Reflection.BaseReflectionDocumenterConfig.ShowMissingReturns.html
NDoc.Core.Reflection.BaseReflectionDocumenterConfig.ShowMissingSummaries.html
NDoc.Core.Reflection.BaseReflectionDocumenterConfig.ShowMissingValues.html
NDoc.Core.Reflection.BaseReflectionDocumenterConfig.ShowTypeIdInAttributes.html
NDoc.Core.Reflection.BaseReflectionDocumenterConfig.SkipNamespacesWithoutSummaries.html
NDoc.Core.Reflection.BaseReflectionDocumenterConfig.StaticMembersDefaultToSafe.html
NDoc.Core.Reflection.BaseReflectionDocumenterConfig.UseNamespaceDocSummaries.html
NDoc.Core.Reflection.BaseReflectionDocumenterConfigMethods.html
NDoc.Core.Reflection.BaseReflectionDocumenterConfig.HandleUnknownPropertyType.html
NDoc.Core.Reflection.DocumentedInheritedMembers.html
NDoc.Core.Reflection.EditorBrowsableFilterLevel.html
NDoc.Core.Reflection.ReflectionEngine.html
NDoc.Core.Reflection.ReflectionEngineMembers.html
NDoc.Core.Reflection.ReflectionEngineConstructor.html
NDoc.Core.Reflection.ReflectionEngineMethods.html
NDoc.Core.Reflection.ReflectionEngine.GetDisplayValue.html
NDoc.Core.Reflection.ReflectionEngine.GetNamespacesFromAssembly.html
NDoc.Core.Reflection.ReflectionEngineParameters.html
NDoc.Core.Reflection.ReflectionEngineParametersMembers.html
NDoc.Core.Reflection.ReflectionEngineParametersConstructor.html
NDoc.Core.Reflection.ReflectionEngineParametersConstructor1.html
NDoc.Core.Reflection.ReflectionEngineParametersConstructor2.html
NDoc.Core.Reflection.ReflectionEngineParametersFields.html
NDoc.Core.Reflection.ReflectionEngineParameters.AssemblyFileNames.html
NDoc.Core.Reflection.ReflectionEngineParameters.AssemblyVersionInfo.html
NDoc.Core.Reflection.ReflectionEngineParameters.AutoDocumentConstructors.html
NDoc.Core.Reflection.ReflectionEngineParameters.AutoPropertyBackerSummaries.html
NDoc.Core.Reflection.ReflectionEngineParameters.CopyrightHref.html
NDoc.Core.Reflection.ReflectionEngineParameters.CopyrightText.html
NDoc.Core.Reflection.ReflectionEngineParameters.DocumentAttributes.html
NDoc.Core.Reflection.ReflectionEngineParameters.DocumentedAttributes.html
NDoc.Core.Reflection.ReflectionEngineParameters.DocumentEmptyNamespaces.html
NDoc.Core.Reflection.ReflectionEngineParameters.DocumentExplicitInterfaceImplementations.html
NDoc.Core.Reflection.ReflectionEngineParameters.DocumentInheritedAttributes.html
NDoc.Core.Reflection.ReflectionEngineParameters.DocumentInheritedFrameworkMembers.html
NDoc.Core.Reflection.ReflectionEngineParameters.DocumentInheritedMembers.html
NDoc.Core.Reflection.ReflectionEngineParameters.DocumentInternals.html
NDoc.Core.Reflection.ReflectionEngineParameters.DocumentPrivates.html
NDoc.Core.Reflection.ReflectionEngineParameters.DocumentProtected.html
NDoc.Core.Reflection.ReflectionEngineParameters.DocumentProtectedInternalAsProtected.html
NDoc.Core.Reflection.ReflectionEngineParameters.DocumentSealedProtected.html
NDoc.Core.Reflection.ReflectionEngineParameters.EditorBrowsableFilter.html
NDoc.Core.Reflection.ReflectionEngineParameters.FeedbackEmailAddress.html
NDoc.Core.Reflection.ReflectionEngineParameters.IncludeDefaultThreadSafety.html
NDoc.Core.Reflection.ReflectionEngineParameters.InstanceMembersDefaultToSafe.html
NDoc.Core.Reflection.ReflectionEngineParameters.NamespaceSummaries.html
NDoc.Core.Reflection.ReflectionEngineParameters.Preliminary.html
NDoc.Core.Reflection.ReflectionEngineParameters.ReferencePaths.html
NDoc.Core.Reflection.ReflectionEngineParameters.SdkDocLanguage.html
NDoc.Core.Reflection.ReflectionEngineParameters.ShowMissingParams.html
NDoc.Core.Reflection.ReflectionEngineParameters.ShowMissingRemarks.html
NDoc.Core.Reflection.ReflectionEngineParameters.ShowMissingReturns.html
NDoc.Core.Reflection.ReflectionEngineParameters.ShowMissingSummaries.html
NDoc.Core.Reflection.ReflectionEngineParameters.ShowMissingValues.html
NDoc.Core.Reflection.ReflectionEngineParameters.ShowTypeIdInAttributes.html
NDoc.Core.Reflection.ReflectionEngineParameters.SkipNamespacesWithoutSummaries.html
NDoc.Core.Reflection.ReflectionEngineParameters.StaticMembersDefaultToSafe.html
NDoc.Core.Reflection.ReflectionEngineParameters.UseNamespaceDocSummaries.html
NDoc.Core.Reflection.ReflectionEngineParameters.XmlDocFileNames.html
NDoc.Core.Reflection.SdkLanguage.html
NDoc.Core.Reflection.SdkVersion.html
Generating HTML content file...
transform the HHC contents file into html
Compiling HTML Help file...
Compiling Html Help file
Microsoft HTML Help Compiler 4.74.8702

Compiling c:\CVS_Projects\TempCheckout\ndoc\doc\sdk\ndoc_msdn_temp\NDoc-SDK.chm


Compile time: 0 minutes, 12 seconds
493	Topics
3,742	Local links
4,239	Internet links
10	Graphics


Created c:\CVS_Projects\TempCheckout\ndoc\doc\sdk\ndoc_msdn_temp\NDoc-SDK.chm, 378,876 bytes
Compression decreased file by 2,284,405 bytes.

Html Help compile complete
Writing documentation to output path
Done.
